[2014-04-28 19:34:52] (ERROR @ /setup/index.php) Could not copy /Users/Benjamin/Webprojekte/webprojects/benpazdernik.com/core/packages/core/modContext/9bf24b3bcd9d90b0727dc32baa2467be/0/ to /Users/Benjamin/Webprojekte/webprojects/benpazdernik.com/index.php
[2014-04-28 19:34:52] (ERROR @ /setup/index.php) Could not copy /Users/Benjamin/Webprojekte/webprojects/benpazdernik.com/core/packages/core/modContext/9bf24b3bcd9d90b0727dc32baa2467be/1/ to /Users/Benjamin/Webprojekte/webprojects/benpazdernik.com/ht.access
[2014-04-28 19:34:52] (ERROR @ /setup/index.php) Could not copy /Users/Benjamin/Webprojekte/webprojects/benpazdernik.com/core/packages/core/modContext/32bedbcb4c4ced540222f9dc0ae626fe/0/ to /Users/Benjamin/Webprojekte/webprojects/benpazdernik.com/manager/assets
[2014-04-28 19:34:52] (ERROR @ /setup/index.php) Could not copy /Users/Benjamin/Webprojekte/webprojects/benpazdernik.com/core/packages/core/modContext/32bedbcb4c4ced540222f9dc0ae626fe/1/ to /Users/Benjamin/Webprojekte/webprojects/benpazdernik.com/manager/controllers
[2014-04-28 19:34:52] (ERROR @ /setup/index.php) Could not copy /Users/Benjamin/Webprojekte/webprojects/benpazdernik.com/core/packages/core/modContext/32bedbcb4c4ced540222f9dc0ae626fe/2/ to /Users/Benjamin/Webprojekte/webprojects/benpazdernik.com/manager/templates
[2014-04-28 19:34:52] (ERROR @ /setup/index.php) Could not copy /Users/Benjamin/Webprojekte/webprojects/benpazdernik.com/core/packages/core/modContext/32bedbcb4c4ced540222f9dc0ae626fe/3/ to /Users/Benjamin/Webprojekte/webprojects/benpazdernik.com/manager/min
[2014-04-28 19:34:52] (ERROR @ /setup/index.php) Could not copy /Users/Benjamin/Webprojekte/webprojects/benpazdernik.com/core/packages/core/modContext/32bedbcb4c4ced540222f9dc0ae626fe/4/ to /Users/Benjamin/Webprojekte/webprojects/benpazdernik.com/manager/ht.access
[2014-04-28 19:34:52] (ERROR @ /setup/index.php) Could not copy /Users/Benjamin/Webprojekte/webprojects/benpazdernik.com/core/packages/core/modContext/32bedbcb4c4ced540222f9dc0ae626fe/5/ to /Users/Benjamin/Webprojekte/webprojects/benpazdernik.com/manager/cache.manifest.php
[2014-04-28 19:34:52] (ERROR @ /setup/index.php) Could not copy /Users/Benjamin/Webprojekte/webprojects/benpazdernik.com/core/packages/core/modContext/32bedbcb4c4ced540222f9dc0ae626fe/6/ to /Users/Benjamin/Webprojekte/webprojects/benpazdernik.com/manager/index.php
[2014-04-28 19:34:52] (ERROR @ /setup/index.php) Could not install files from /Users/Benjamin/Webprojekte/webprojects/benpazdernik.com/core/packages/core/xPDOFileVehicle/5bd56a99f815bdce572dbcc8fd981e96/ to /Users/Benjamin/Webprojekte/webprojects/benpazdernik.com/connectors/
[2014-04-28 19:34:52] (ERROR @ /setup/index.php) Could not install files from /Users/Benjamin/Webprojekte/webprojects/benpazdernik.com/core/packages/core/xPDOFileVehicle/d1dc24647d8f115fabed48d2d6af5a6f/ to /Users/Benjamin/Webprojekte/webprojects/benpazdernik.com/connectors/
[2014-04-28 19:34:52] (ERROR @ /setup/index.php) Could not install files from /Users/Benjamin/Webprojekte/webprojects/benpazdernik.com/core/packages/core/xPDOFileVehicle/11d991bc6c4643d26a6d4422334e5738/ to /Users/Benjamin/Webprojekte/webprojects/benpazdernik.com/connectors/
[2014-04-28 19:34:52] (ERROR @ /setup/index.php) Could not install files from /Users/Benjamin/Webprojekte/webprojects/benpazdernik.com/core/packages/core/xPDOFileVehicle/24b407c0dc3856427c39e244cb61c2f3/ to /Users/Benjamin/Webprojekte/webprojects/benpazdernik.com/connectors/
[2014-04-28 19:34:52] (ERROR @ /setup/index.php) Could not install files from /Users/Benjamin/Webprojekte/webprojects/benpazdernik.com/core/packages/core/xPDOFileVehicle/ba2ec7cae6e8d0005425f08f2180a18c/ to /Users/Benjamin/Webprojekte/webprojects/benpazdernik.com/connectors/
[2014-04-28 19:34:52] (ERROR @ /setup/index.php) Could not install files from /Users/Benjamin/Webprojekte/webprojects/benpazdernik.com/core/packages/core/xPDOFileVehicle/08dede4ebfe20b8b148dbe6143c03426/ to /Users/Benjamin/Webprojekte/webprojects/benpazdernik.com/connectors/
[2014-04-28 19:34:52] (ERROR @ /setup/index.php) Could not install files from /Users/Benjamin/Webprojekte/webprojects/benpazdernik.com/core/packages/core/xPDOFileVehicle/2f92e6491d9f507eed8ee054b7fcbbd0/ to /Users/Benjamin/Webprojekte/webprojects/benpazdernik.com/connectors/
[2014-04-28 19:34:52] (ERROR @ /setup/index.php) Could not install files from /Users/Benjamin/Webprojekte/webprojects/benpazdernik.com/core/packages/core/xPDOFileVehicle/e5d2163606e4acb6ee092f833ceaaab8/ to /Users/Benjamin/Webprojekte/webprojects/benpazdernik.com/connectors/
[2014-04-28 19:34:52] (ERROR @ /setup/index.php) Could not install files from /Users/Benjamin/Webprojekte/webprojects/benpazdernik.com/core/packages/core/xPDOFileVehicle/762e0d4ffeb656641939747a922d7c97/ to /Users/Benjamin/Webprojekte/webprojects/benpazdernik.com/connectors/
[2014-04-28 19:34:52] (ERROR @ /setup/index.php) Could not install files from /Users/Benjamin/Webprojekte/webprojects/benpazdernik.com/core/packages/core/xPDOFileVehicle/690f2e01d5e1dc5ca55c0b6e44bdfca6/ to /Users/Benjamin/Webprojekte/webprojects/benpazdernik.com/connectors/
[2014-04-28 19:34:52] (ERROR @ /setup/index.php) Could not install files from /Users/Benjamin/Webprojekte/webprojects/benpazdernik.com/core/packages/core/xPDOFileVehicle/19dbf3f1286772b2f2b951a1627c59e1/ to /Users/Benjamin/Webprojekte/webprojects/benpazdernik.com/connectors/
